This file contains any messages produced by compilers while
running configure, to aid debugging if configure makes a mistake.

It was created by stiff configure 2.4.0, which was
generated by GNU Autoconf 2.69.  Invocation command line was

  $ ./configure 

## --------- ##
## Platform. ##
## --------- ##

hostname = MATTLAPPIE
uname -m = x86_64
uname -r = 5.4.72-microsoft-standard-WSL2
uname -s = Linux
uname -v = #1 SMP Wed Oct 28 23:40:43 UTC 2020

/usr/bin/uname -p = x86_64
/bin/uname -X     = unknown

/bin/arch              = x86_64
/usr/bin/arch -k       = unknown
/usr/convex/getsysinfo = unknown
/usr/bin/hostinfo      = unknown
/bin/machine           = unknown
/usr/bin/oslevel       = unknown
/bin/universe          = unknown

PATH: /usr/local/sbin
PATH: /usr/local/bin
PATH: /usr/sbin
PATH: /usr/bin
PATH: /sbin
PATH: /bin
PATH: /usr/games
PATH: /usr/local/games
PATH: /mnt/c/Python38/Scripts/
PATH: /mnt/c/Python38/
PATH: /mnt/c/Program Files (x86)/Common Files/Oracle/Java/javapath
PATH: /mnt/c/ProgramData/Oracle/Java/javapath
PATH: /mnt/c/WINDOWS/system32
PATH: /mnt/c/WINDOWS
PATH: /mnt/c/WINDOWS/System32/Wbem
PATH: /mnt/c/WINDOWS/System32/WindowsPowerShell/v1.0/
PATH: /mnt/c/Perl64/
PATH: /mnt/c/ds9
PATH: /mnt/c/Program Files (x86)/GnuWin32/bin
PATH: /mnt/c/Program Files (x86)/Windows Live/Shared
PATH: /mnt/c/Program Files/MATLAB/R2016a/bin
PATH: /mnt/c/MinGW/bin
PATH: /mnt/c/msys/1.0/bin
PATH: /mnt/c/Users/mcnow/Anaconda2x32/Lib/site-packages
PATH: /mnt/c/gradle/bin
PATH: /mnt/c/Program Files (x86)/Yarn/bin/
PATH: /mnt/c/Program Files/Git/cmd
PATH: /mnt/c/WINDOWS/System32/OpenSSH/
PATH: /mnt/c/Program Files (x86)/PharosSystems/Core
PATH: /mnt/c/Program Files (x86)/Smart Projects/IsoBuster
PATH: /mnt/c/Program Files (x86)/Calibre2/
PATH: /mnt/c/Program Files/Microsoft VS Code/bin
PATH: /mnt/c/Program Files/nodejs/
PATH: /mnt/c/ProgramData/chocolatey/bin
PATH: /mnt/c/Program Files/PuTTY/
PATH: /mnt/c/Program Files/TortoiseGit/bin
PATH: /mnt/c/Program Files/LLVM/bin
PATH: /mnt/c/Users/mcnow/Anaconda2
PATH: /mnt/c/Users/mcnow/Anaconda2/Scripts
PATH: /mnt/c/Users/mcnow/Anaconda2/Library/bin
PATH: /mnt/c/Users/mcnow/AppData/Local/Microsoft/WindowsApps
PATH: /mnt/c/Program Files/Microsoft VS Code/bin
PATH: /mnt/c/Users/mcnow/AppData/Local/Yarn/bin
PATH: /mnt/c/Users/mcnow/AppData/Roaming/npm
PATH: /snap/bin


## ----------- ##
## Core tests. ##
## ----------- ##

configure:2288: checking for a BSD-compatible install
configure:2356: result: /usr/bin/install -c
configure:2367: checking whether build environment is sane
configure:2422: result: yes
configure:2571: checking for a thread-safe mkdir -p
configure:2610: result: /usr/bin/mkdir -p
configure:2617: checking for gawk
configure:2633: found /usr/bin/gawk
configure:2644: result: gawk
configure:2655: checking whether make sets $(MAKE)
configure:2677: result: yes
configure:2805: result: *********** Configuring:  stiff 2.4.0 (2021-05-14) **********
configure:2808: checking if compilation flags should be set automatically
configure:2817: checking whether we should use the INTEL compiler
configure:2825: result: no
configure:2850: checking for style of include used by make
configure:2878: result: GNU
configure:2949: checking for gcc
configure:2965: found /usr/bin/gcc
configure:2976: result: gcc
configure:3205: checking for C compiler version
configure:3214: gcc --version >&5
gcc (Ubuntu 9.3.0-17ubuntu1~20.04) 9.3.0
Copyright (C) 2019 Free Software Foundation, Inc.
This is free software; see the source for copying conditions.  There is NO
warranty; not even for MERCHANTABILITY or FITNESS FOR A PARTICULAR PURPOSE.

configure:3225: $? = 0
configure:3214: gcc -v >&5
Using built-in specs.
COLLECT_GCC=gcc
COLLECT_LTO_WRAPPER=/usr/lib/gcc/x86_64-linux-gnu/9/lto-wrapper
OFFLOAD_TARGET_NAMES=nvptx-none:hsa
OFFLOAD_TARGET_DEFAULT=1
Target: x86_64-linux-gnu
Configured with: ../src/configure -v --with-pkgversion='Ubuntu 9.3.0-17ubuntu1~20.04' --with-bugurl=file:///usr/share/doc/gcc-9/README.Bugs --enable-languages=c,ada,c++,go,brig,d,fortran,objc,obj-c++,gm2 --prefix=/usr --with-gcc-major-version-only --program-suffix=-9 --program-prefix=x86_64-linux-gnu- --enable-shared --enable-linker-build-id --libexecdir=/usr/lib --without-included-gettext --enable-threads=posix --libdir=/usr/lib --enable-nls --enable-clocale=gnu --enable-libstdcxx-debug --enable-libstdcxx-time=yes --with-default-libstdcxx-abi=new --enable-gnu-unique-object --disable-vtable-verify --enable-plugin --enable-default-pie --with-system-zlib --with-target-system-zlib=auto --enable-objc-gc=auto --enable-multiarch --disable-werror --with-arch-32=i686 --with-abi=m64 --with-multilib-list=m32,m64,mx32 --enable-multilib --with-tune=generic --enable-offload-targets=nvptx-none=/build/gcc-9-HskZEa/gcc-9-9.3.0/debian/tmp-nvptx/usr,hsa --without-cuda-driver --enable-checking=release --build=x86_64-linux-gnu --host=x86_64-linux-gnu --target=x86_64-linux-gnu
Thread model: posix
gcc version 9.3.0 (Ubuntu 9.3.0-17ubuntu1~20.04) 
configure:3225: $? = 0
configure:3214: gcc -V >&5
gcc: error: unrecognized command line option '-V'
gcc: fatal error: no input files
compilation terminated.
configure:3225: $? = 1
configure:3214: gcc -qversion >&5
gcc: error: unrecognized command line option '-qversion'; did you mean '--version'?
gcc: fatal error: no input files
compilation terminated.
configure:3225: $? = 1
configure:3245: checking whether the C compiler works
configure:3267: gcc    conftest.c  >&5
configure:3271: $? = 0
configure:3319: result: yes
configure:3322: checking for C compiler default output file name
configure:3324: result: a.out
configure:3330: checking for suffix of executables
configure:3337: gcc -o conftest    conftest.c  >&5
configure:3341: $? = 0
configure:3363: result: 
configure:3385: checking whether we are cross compiling
configure:3393: gcc -o conftest    conftest.c  >&5
configure:3397: $? = 0
configure:3404: ./conftest
configure:3408: $? = 0
configure:3396: result: no
configure:3401: checking for suffix of object files
configure:3423: gcc -c   conftest.c >&5
configure:3427: $? = 0
configure:3448: result: o
configure:3452: checking whether we are using the GNU C compiler
configure:3471: gcc -c   conftest.c >&5
configure:3471: $? = 0
configure:3480: result: yes
configure:3489: checking whether gcc accepts -g
configure:3509: gcc -c -g  conftest.c >&5
configure:3509: $? = 0
configure:3550: result: yes
configure:3567: checking for gcc option to accept ISO C89
configure:3630: gcc  -c -g -O2  conftest.c >&5
configure:3630: $? = 0
configure:3643: result: none needed
configure:3665: checking dependency style of gcc
configure:3776: result: gcc3
configure:3792: checking for library containing strerror
configure:3823: gcc -o conftest -g -O2   conftest.c  >&5
configure:3823: $? = 0
configure:3840: result: none required
configure:3984: checking for ranlib
configure:4000: found /usr/bin/ranlib
configure:4011: result: ranlib
configure:4035: checking for sin in -lm
configure:4060: gcc -o conftest -g -O2   conftest.c -lm   >&5
conftest.c:19:6: warning: conflicting types for built-in function 'sin'; expected 'double(double)' [-Wbuiltin-declaration-mismatch]
   19 | char sin ();
      |      ^~~
conftest.c:1:1: note: 'sin' is declared in header '<math.h>'
    1 | /* confdefs.h */
configure:4060: $? = 0
configure:4069: result: yes
configure:4087: checking how to run the C preprocessor
configure:4118: gcc -E  conftest.c
configure:4118: $? = 0
configure:4132: gcc -E  conftest.c
conftest.c:13:10: fatal error: ac_nonexistent.h: No such file or directory
   13 | #include <ac_nonexistent.h>
      |          ^~~~~~~~~~~~~~~~~~
compilation terminated.
configure:4132: $? = 1
configure: failed program was:
| /* confdefs.h */
| #define PACKAGE_NAME "stiff"
| #define PACKAGE_TARNAME "stiff"
| #define PACKAGE_VERSION "2.4.0"
| #define PACKAGE_STRING "stiff 2.4.0"
| #define PACKAGE_BUGREPORT "bertin@iap.fr"
| #define PACKAGE_URL ""
| #define PACKAGE "stiff"
| #define VERSION "2.4.0"
| #define DATE "2021-05-14"
| #define HAVE_LIBM 1
| /* end confdefs.h.  */
| #include <ac_nonexistent.h>
configure:4157: result: gcc -E
configure:4177: gcc -E  conftest.c
configure:4177: $? = 0
configure:4191: gcc -E  conftest.c
conftest.c:13:10: fatal error: ac_nonexistent.h: No such file or directory
   13 | #include <ac_nonexistent.h>
      |          ^~~~~~~~~~~~~~~~~~
compilation terminated.
configure:4191: $? = 1
configure: failed program was:
| /* confdefs.h */
| #define PACKAGE_NAME "stiff"
| #define PACKAGE_TARNAME "stiff"
| #define PACKAGE_VERSION "2.4.0"
| #define PACKAGE_STRING "stiff 2.4.0"
| #define PACKAGE_BUGREPORT "bertin@iap.fr"
| #define PACKAGE_URL ""
| #define PACKAGE "stiff"
| #define VERSION "2.4.0"
| #define DATE "2021-05-14"
| #define HAVE_LIBM 1
| /* end confdefs.h.  */
| #include <ac_nonexistent.h>
configure:4220: checking for grep that handles long lines and -e
configure:4278: result: /usr/bin/grep
configure:4283: checking for egrep
configure:4345: result: /usr/bin/grep -E
configure:4350: checking for ANSI C header files
configure:4370: gcc -c -g -O2  conftest.c >&5
configure:4370: $? = 0
configure:4443: gcc -o conftest -g -O2   conftest.c -lm  >&5
configure:4443: $? = 0
configure:4443: ./conftest
configure:4443: $? = 0
configure:4454: result: yes
configure:4467: checking for sys/types.h
configure:4467: gcc -c -g -O2  conftest.c >&5
configure:4467: $? = 0
configure:4467: result: yes
configure:4467: checking for sys/stat.h
configure:4467: gcc -c -g -O2  conftest.c >&5
configure:4467: $? = 0
configure:4467: result: yes
configure:4467: checking for stdlib.h
configure:4467: gcc -c -g -O2  conftest.c >&5
configure:4467: $? = 0
configure:4467: result: yes
configure:4467: checking for string.h
configure:4467: gcc -c -g -O2  conftest.c >&5
configure:4467: $? = 0
configure:4467: result: yes
configure:4467: checking for memory.h
configure:4467: gcc -c -g -O2  conftest.c >&5
configure:4467: $? = 0
configure:4467: result: yes
configure:4467: checking for strings.h
configure:4467: gcc -c -g -O2  conftest.c >&5
configure:4467: $? = 0
configure:4467: result: yes
configure:4467: checking for inttypes.h
configure:4467: gcc -c -g -O2  conftest.c >&5
configure:4467: $? = 0
configure:4467: result: yes
configure:4467: checking for stdint.h
configure:4467: gcc -c -g -O2  conftest.c >&5
configure:4467: $? = 0
configure:4467: result: yes
configure:4467: checking for unistd.h
configure:4467: gcc -c -g -O2  conftest.c >&5
configure:4467: $? = 0
configure:4467: result: yes
configure:4482: checking fcntl.h usability
configure:4482: gcc -c -g -O2  conftest.c >&5
configure:4482: $? = 0
configure:4482: result: yes
configure:4482: checking fcntl.h presence
configure:4482: gcc -E  conftest.c
configure:4482: $? = 0
configure:4482: result: yes
configure:4482: checking for fcntl.h
configure:4482: result: yes
configure:4482: checking time.h usability
configure:4482: gcc -c -g -O2  conftest.c >&5
configure:4482: $? = 0
configure:4482: result: yes
configure:4482: checking time.h presence
configure:4482: gcc -E  conftest.c
configure:4482: $? = 0
configure:4482: result: yes
configure:4482: checking for time.h
configure:4482: result: yes
configure:4482: checking for unistd.h
configure:4482: result: yes
configure:4482: checking sys/mman.h usability
configure:4482: gcc -c -g -O2  conftest.c >&5
configure:4482: $? = 0
configure:4482: result: yes
configure:4482: checking sys/mman.h presence
configure:4482: gcc -E  conftest.c
configure:4482: $? = 0
configure:4482: result: yes
configure:4482: checking for sys/mman.h
configure:4482: result: yes
configure:4482: checking for sys/stat.h
configure:4482: result: yes
configure:4482: checking sys/time.h usability
configure:4482: gcc -c -g -O2  conftest.c >&5
configure:4482: $? = 0
configure:4482: result: yes
configure:4482: checking sys/time.h presence
configure:4482: gcc -E  conftest.c
configure:4482: $? = 0
configure:4482: result: yes
configure:4482: checking for sys/time.h
configure:4482: result: yes
configure:4482: checking for sys/types.h
configure:4482: result: yes
configure:4508: checking for an ANSI C-conforming const
configure:4574: gcc -c -g -O2  conftest.c >&5
configure:4574: $? = 0
configure:4581: result: yes
configure:4589: checking for off_t
configure:4589: gcc -c -g -O2  conftest.c >&5
configure:4589: $? = 0
configure:4589: gcc -c -g -O2  conftest.c >&5
conftest.c: In function 'main':
conftest.c:66:20: error: expected expression before ')' token
   66 | if (sizeof ((off_t)))
      |                    ^
configure:4589: $? = 1
configure: failed program was:
| /* confdefs.h */
| #define PACKAGE_NAME "stiff"
| #define PACKAGE_TARNAME "stiff"
| #define PACKAGE_VERSION "2.4.0"
| #define PACKAGE_STRING "stiff 2.4.0"
| #define PACKAGE_BUGREPORT "bertin@iap.fr"
| #define PACKAGE_URL ""
| #define PACKAGE "stiff"
| #define VERSION "2.4.0"
| #define DATE "2021-05-14"
| #define HAVE_LIBM 1
| #define STDC_HEADERS 1
| #define HAVE_SYS_TYPES_H 1
| #define HAVE_SYS_STAT_H 1
| #define HAVE_STDLIB_H 1
| #define HAVE_STRING_H 1
| #define HAVE_MEMORY_H 1
| #define HAVE_STRINGS_H 1
| #define HAVE_INTTYPES_H 1
| #define HAVE_STDINT_H 1
| #define HAVE_UNISTD_H 1
| #define HAVE_FCNTL_H 1
| #define HAVE_TIME_H 1
| #define HAVE_UNISTD_H 1
| #define HAVE_SYS_MMAN_H 1
| #define HAVE_SYS_STAT_H 1
| #define HAVE_SYS_TIME_H 1
| #define HAVE_SYS_TYPES_H 1
| /* end confdefs.h.  */
| #include <stdio.h>
| #ifdef HAVE_SYS_TYPES_H
| # include <sys/types.h>
| #endif
| #ifdef HAVE_SYS_STAT_H
| # include <sys/stat.h>
| #endif
| #ifdef STDC_HEADERS
| # include <stdlib.h>
| # include <stddef.h>
| #else
| # ifdef HAVE_STDLIB_H
| #  include <stdlib.h>
| # endif
| #endif
| #ifdef HAVE_STRING_H
| # if !defined STDC_HEADERS && defined HAVE_MEMORY_H
| #  include <memory.h>
| # endif
| # include <string.h>
| #endif
| #ifdef HAVE_STRINGS_H
| # include <strings.h>
| #endif
| #ifdef HAVE_INTTYPES_H
| # include <inttypes.h>
| #endif
| #ifdef HAVE_STDINT_H
| # include <stdint.h>
| #endif
| #ifdef HAVE_UNISTD_H
| # include <unistd.h>
| #endif
| int
| main ()
| {
| if (sizeof ((off_t)))
| 	    return 0;
|   ;
|   return 0;
| }
configure:4589: result: yes
configure:4600: checking for size_t
configure:4600: gcc -c -g -O2  conftest.c >&5
configure:4600: $? = 0
configure:4600: gcc -c -g -O2  conftest.c >&5
conftest.c: In function 'main':
conftest.c:66:21: error: expected expression before ')' token
   66 | if (sizeof ((size_t)))
      |                     ^
configure:4600: $? = 1
configure: failed program was:
| /* confdefs.h */
| #define PACKAGE_NAME "stiff"
| #define PACKAGE_TARNAME "stiff"
| #define PACKAGE_VERSION "2.4.0"
| #define PACKAGE_STRING "stiff 2.4.0"
| #define PACKAGE_BUGREPORT "bertin@iap.fr"
| #define PACKAGE_URL ""
| #define PACKAGE "stiff"
| #define VERSION "2.4.0"
| #define DATE "2021-05-14"
| #define HAVE_LIBM 1
| #define STDC_HEADERS 1
| #define HAVE_SYS_TYPES_H 1
| #define HAVE_SYS_STAT_H 1
| #define HAVE_STDLIB_H 1
| #define HAVE_STRING_H 1
| #define HAVE_MEMORY_H 1
| #define HAVE_STRINGS_H 1
| #define HAVE_INTTYPES_H 1
| #define HAVE_STDINT_H 1
| #define HAVE_UNISTD_H 1
| #define HAVE_FCNTL_H 1
| #define HAVE_TIME_H 1
| #define HAVE_UNISTD_H 1
| #define HAVE_SYS_MMAN_H 1
| #define HAVE_SYS_STAT_H 1
| #define HAVE_SYS_TIME_H 1
| #define HAVE_SYS_TYPES_H 1
| /* end confdefs.h.  */
| #include <stdio.h>
| #ifdef HAVE_SYS_TYPES_H
| # include <sys/types.h>
| #endif
| #ifdef HAVE_SYS_STAT_H
| # include <sys/stat.h>
| #endif
| #ifdef STDC_HEADERS
| # include <stdlib.h>
| # include <stddef.h>
| #else
| # ifdef HAVE_STDLIB_H
| #  include <stdlib.h>
| # endif
| #endif
| #ifdef HAVE_STRING_H
| # if !defined STDC_HEADERS && defined HAVE_MEMORY_H
| #  include <memory.h>
| # endif
| # include <string.h>
| #endif
| #ifdef HAVE_STRINGS_H
| # include <strings.h>
| #endif
| #ifdef HAVE_INTTYPES_H
| # include <inttypes.h>
| #endif
| #ifdef HAVE_STDINT_H
| # include <stdint.h>
| #endif
| #ifdef HAVE_UNISTD_H
| # include <unistd.h>
| #endif
| int
| main ()
| {
| if (sizeof ((size_t)))
| 	    return 0;
|   ;
|   return 0;
| }
configure:4600: result: yes
configure:4611: checking return type of signal handlers
configure:4629: gcc -c -g -O2  conftest.c >&5
conftest.c: In function 'main':
conftest.c:36:10: error: void value not ignored as it ought to be
   36 | return *(signal (0, 0)) (0) == 1;
      |         ~^~~~~~~~~~~~~~~~~~
configure:4629: $? = 1
configure: failed program was:
| /* confdefs.h */
| #define PACKAGE_NAME "stiff"
| #define PACKAGE_TARNAME "stiff"
| #define PACKAGE_VERSION "2.4.0"
| #define PACKAGE_STRING "stiff 2.4.0"
| #define PACKAGE_BUGREPORT "bertin@iap.fr"
| #define PACKAGE_URL ""
| #define PACKAGE "stiff"
| #define VERSION "2.4.0"
| #define DATE "2021-05-14"
| #define HAVE_LIBM 1
| #define STDC_HEADERS 1
| #define HAVE_SYS_TYPES_H 1
| #define HAVE_SYS_STAT_H 1
| #define HAVE_STDLIB_H 1
| #define HAVE_STRING_H 1
| #define HAVE_MEMORY_H 1
| #define HAVE_STRINGS_H 1
| #define HAVE_INTTYPES_H 1
| #define HAVE_STDINT_H 1
| #define HAVE_UNISTD_H 1
| #define HAVE_FCNTL_H 1
| #define HAVE_TIME_H 1
| #define HAVE_UNISTD_H 1
| #define HAVE_SYS_MMAN_H 1
| #define HAVE_SYS_STAT_H 1
| #define HAVE_SYS_TIME_H 1
| #define HAVE_SYS_TYPES_H 1
| /* end confdefs.h.  */
| #include <sys/types.h>
| #include <signal.h>
| 
| int
| main ()
| {
| return *(signal (0, 0)) (0) == 1;
|   ;
|   return 0;
| }
configure:4636: result: void
configure:4645: checking for long long int
configure:4682: gcc -o conftest -g -O2   conftest.c -lm  >&5
configure:4682: $? = 0
configure:4712: gcc -o conftest -g -O2   conftest.c -lm  >&5
configure:4712: $? = 0
configure:4712: ./conftest
configure:4712: $? = 0
configure:4727: result: yes
configure:4736: checking for unsigned long long int
configure:4773: gcc -o conftest -g -O2   conftest.c -lm  >&5
configure:4773: $? = 0
configure:4781: result: yes
configure:4789: checking for uid_t in sys/types.h
configure:4808: result: yes
configure:4821: checking for error_at_line
configure:4837: gcc -o conftest -g -O2   conftest.c -lm  >&5
configure:4837: $? = 0
configure:4845: result: yes
configure:4862: checking for stdlib.h
configure:4862: result: yes
configure:4862: checking for unistd.h
configure:4862: result: yes
configure:4862: checking for sys/param.h
configure:4862: gcc -c -g -O2  conftest.c >&5
configure:4862: $? = 0
configure:4862: result: yes
configure:4882: checking for getpagesize
configure:4882: gcc -o conftest -g -O2   conftest.c -lm  >&5
configure:4882: $? = 0
configure:4882: result: yes
configure:4891: checking for working mmap
configure:5038: gcc -o conftest -g -O2   conftest.c -lm  >&5
configure:5038: $? = 0
configure:5038: ./conftest
configure:5038: $? = 0
configure:5048: result: yes
configure:5057: checking whether lstat correctly handles trailing slash
configure:5083: gcc -o conftest -g -O2   conftest.c -lm  >&5
configure:5083: $? = 0
configure:5083: ./conftest
configure:5083: $? = 0
configure:5100: result: yes
configure:5119: checking whether stat accepts an empty string
configure:5139: gcc -o conftest -g -O2   conftest.c -lm  >&5
configure:5139: $? = 0
configure:5139: ./conftest
configure:5139: $? = 0
configure:5149: result: no
configure:5167: checking for strftime
configure:5167: gcc -o conftest -g -O2   conftest.c -lm  >&5
conftest.c:62:6: warning: conflicting types for built-in function 'strftime'; expected 'long unsigned int(char *, long unsigned int,  const char *, const void *)' [-Wbuiltin-declaration-mismatch]
   62 | char strftime ();
      |      ^~~~~~~~
conftest.c:50:1: note: 'strftime' is declared in header '<time.h>'
   49 | # include <limits.h>
   50 | #else
configure:5167: $? = 0
configure:5167: result: yes
configure:5223: checking for atexit
configure:5223: gcc -o conftest -g -O2   conftest.c -lm  >&5
configure:5223: $? = 0
configure:5223: result: yes
configure:5223: checking for memmove
configure:5223: gcc -o conftest -g -O2   conftest.c -lm  >&5
conftest.c:64:6: warning: conflicting types for built-in function 'memmove'; expected 'void *(void *, const void *, long unsigned int)' [-Wbuiltin-declaration-mismatch]
   64 | char memmove ();
      |      ^~~~~~~
conftest.c:52:1: note: 'memmove' is declared in header '<string.h>'
   51 | # include <limits.h>
   52 | #else
configure:5223: $? = 0
configure:5223: result: yes
configure:5223: checking for memset
configure:5223: gcc -o conftest -g -O2   conftest.c -lm  >&5
conftest.c:65:6: warning: conflicting types for built-in function 'memset'; expected 'void *(void *, int,  long unsigned int)' [-Wbuiltin-declaration-mismatch]
   65 | char memset ();
      |      ^~~~~~
conftest.c:53:1: note: 'memset' is declared in header '<string.h>'
   52 | # include <limits.h>
   53 | #else
configure:5223: $? = 0
configure:5223: result: yes
configure:5223: checking for munmap
configure:5223: gcc -o conftest -g -O2   conftest.c -lm  >&5
configure:5223: $? = 0
configure:5223: result: yes
configure:5223: checking for strchr
configure:5223: gcc -o conftest -g -O2   conftest.c -lm  >&5
conftest.c:67:6: warning: conflicting types for built-in function 'strchr'; expected 'char *(const char *, int)' [-Wbuiltin-declaration-mismatch]
   67 | char strchr ();
      |      ^~~~~~
conftest.c:55:1: note: 'strchr' is declared in header '<string.h>'
   54 | # include <limits.h>
   55 | #else
configure:5223: $? = 0
configure:5223: result: yes
configure:5223: checking for strpbrk
configure:5223: gcc -o conftest -g -O2   conftest.c -lm  >&5
conftest.c:68:6: warning: conflicting types for built-in function 'strpbrk'; expected 'char *(const char *, const char *)' [-Wbuiltin-declaration-mismatch]
   68 | char strpbrk ();
      |      ^~~~~~~
conftest.c:56:1: note: 'strpbrk' is declared in header '<string.h>'
   55 | # include <limits.h>
   56 | #else
configure:5223: $? = 0
configure:5223: result: yes
configure:5223: checking for strrchr
configure:5223: gcc -o conftest -g -O2   conftest.c -lm  >&5
conftest.c:69:6: warning: conflicting types for built-in function 'strrchr'; expected 'char *(const char *, int)' [-Wbuiltin-declaration-mismatch]
   69 | char strrchr ();
      |      ^~~~~~~
conftest.c:57:1: note: 'strrchr' is declared in header '<string.h>'
   56 | # include <limits.h>
   57 | #else
configure:5223: $? = 0
configure:5223: result: yes
configure:5223: checking for strspn
configure:5223: gcc -o conftest -g -O2   conftest.c -lm  >&5
conftest.c:70:6: warning: conflicting types for built-in function 'strspn'; expected 'long unsigned int(const char *, const char *)' [-Wbuiltin-declaration-mismatch]
   70 | char strspn ();
      |      ^~~~~~
conftest.c:58:1: note: 'strspn' is declared in header '<string.h>'
   57 | # include <limits.h>
   58 | #else
configure:5223: $? = 0
configure:5223: result: yes
configure:5223: checking for strcspn
configure:5223: gcc -o conftest -g -O2   conftest.c -lm  >&5
conftest.c:71:6: warning: conflicting types for built-in function 'strcspn'; expected 'long unsigned int(const char *, const char *)' [-Wbuiltin-declaration-mismatch]
   71 | char strcspn ();
      |      ^~~~~~~
conftest.c:59:1: note: 'strcspn' is declared in header '<string.h>'
   58 | # include <limits.h>
   59 | #else
configure:5223: $? = 0
configure:5223: result: yes
configure:5223: checking for strtol
configure:5223: gcc -o conftest -g -O2   conftest.c -lm  >&5
configure:5223: $? = 0
configure:5223: result: yes
configure:5232: checking for isnan
configure:5232: gcc -o conftest -g -O2   conftest.c -lm  >&5
conftest.c:73:6: warning: conflicting types for built-in function 'isnan'; expected 'int()' [-Wbuiltin-declaration-mismatch]
   73 | char isnan ();
      |      ^~~~~
conftest.c:61:1: note: 'isnan' is declared in header '<math.h>'
   60 | # include <limits.h>
   61 | #else
configure:5232: $? = 0
configure:5232: result: yes
configure:5250: checking for special C compiler options needed for large files
configure:5295: result: no
configure:5301: checking for _FILE_OFFSET_BITS value needed for large files
configure:5326: gcc -c -g -O2  conftest.c >&5
configure:5326: $? = 0
configure:5358: result: no
configure:5443: checking for _LARGEFILE_SOURCE value needed for large files
configure:5462: gcc -o conftest -g -O2   conftest.c -lm  >&5
configure:5462: $? = 0
configure:5490: result: no
configure:5599: checking for profiler mode
configure:5609: checking best linking option
configure:5625: checking for multithreading
configure:5627: result: maximum of 64 thread(s)
configure:5637: checking build system type
configure:5651: result: x86_64-unknown-linux-gnu
configure:5671: checking host system type
configure:5684: result: x86_64-unknown-linux-gnu
configure:5711: checking pthread.h usability
configure:5711: gcc -c -g -O2  conftest.c >&5
configure:5711: $? = 0
configure:5711: result: yes
configure:5711: checking pthread.h presence
configure:5711: gcc -E  conftest.c
configure:5711: $? = 0
configure:5711: result: yes
configure:5711: checking for pthread.h
configure:5711: result: yes
configure:5823: checking for the pthreads library -lpthreads
configure:5856: gcc -o conftest -g -O2    conftest.c -lpthreads -lm  >&5
conftest.c: In function 'main':
conftest.c:60:3: warning: null argument where non-null required (argument 1) [-Wnonnull]
   60 |   pthread_attr_init(0); pthread_cleanup_push(0, 0);
      |   ^~~~~~~~~~~~~~~~~
conftest.c:61:3: warning: null argument where non-null required (argument 1) [-Wnonnull]
   61 |   pthread_create(0,0,0,0); pthread_cleanup_pop(0);
      |   ^~~~~~~~~~~~~~
conftest.c:61:3: warning: null argument where non-null required (argument 3) [-Wnonnull]
/usr/bin/ld: cannot find -lpthreads
collect2: error: ld returned 1 exit status
configure:5856: $? = 1
configure: failed program was:
| /* confdefs.h */
| #define PACKAGE_NAME "stiff"
| #define PACKAGE_TARNAME "stiff"
| #define PACKAGE_VERSION "2.4.0"
| #define PACKAGE_STRING "stiff 2.4.0"
| #define PACKAGE_BUGREPORT "bertin@iap.fr"
| #define PACKAGE_URL ""
| #define PACKAGE "stiff"
| #define VERSION "2.4.0"
| #define DATE "2021-05-14"
| #define HAVE_LIBM 1
| #define STDC_HEADERS 1
| #define HAVE_SYS_TYPES_H 1
| #define HAVE_SYS_STAT_H 1
| #define HAVE_STDLIB_H 1
| #define HAVE_STRING_H 1
| #define HAVE_MEMORY_H 1
| #define HAVE_STRINGS_H 1
| #define HAVE_INTTYPES_H 1
| #define HAVE_STDINT_H 1
| #define HAVE_UNISTD_H 1
| #define HAVE_FCNTL_H 1
| #define HAVE_TIME_H 1
| #define HAVE_UNISTD_H 1
| #define HAVE_SYS_MMAN_H 1
| #define HAVE_SYS_STAT_H 1
| #define HAVE_SYS_TIME_H 1
| #define HAVE_SYS_TYPES_H 1
| #define RETSIGTYPE void
| #define HAVE_LONG_LONG_INT 1
| #define HAVE_UNSIGNED_LONG_LONG_INT 1
| #define HAVE_STDLIB_H 1
| #define HAVE_UNISTD_H 1
| #define HAVE_SYS_PARAM_H 1
| #define HAVE_GETPAGESIZE 1
| #define HAVE_MMAP 1
| #define LSTAT_FOLLOWS_SLASHED_SYMLINK 1
| #define HAVE_STRFTIME 1
| #define HAVE_ATEXIT 1
| #define HAVE_MEMMOVE 1
| #define HAVE_MEMSET 1
| #define HAVE_MUNMAP 1
| #define HAVE_STRCHR 1
| #define HAVE_STRPBRK 1
| #define HAVE_STRRCHR 1
| #define HAVE_STRSPN 1
| #define HAVE_STRCSPN 1
| #define HAVE_STRTOL 1
| #define HAVE_ISNAN2 1
| #define HAVE_FSEEKO 1
| #define XSL_URL "file:///usr/local/share/stiff/stiff.xsl"
| #define THREADS_NMAX 64
| #define USE_THREADS 1
| /* end confdefs.h.  */
| #include <pthread.h>
| int
| main ()
| {
| pthread_t th; pthread_join(th, 0);
| 		pthread_attr_init(0); pthread_cleanup_push(0, 0);
| 		pthread_create(0,0,0,0); pthread_cleanup_pop(0);
|   ;
|   return 0;
| }
configure:5865: result: no
configure:5812: checking whether pthreads work without any flags
configure:5856: gcc -o conftest -g -O2    conftest.c  -lm  >&5
conftest.c: In function 'main':
conftest.c:60:3: warning: null argument where non-null required (argument 1) [-Wnonnull]
   60 |   pthread_attr_init(0); pthread_cleanup_push(0, 0);
      |   ^~~~~~~~~~~~~~~~~
conftest.c:61:3: warning: null argument where non-null required (argument 1) [-Wnonnull]
   61 |   pthread_create(0,0,0,0); pthread_cleanup_pop(0);
      |   ^~~~~~~~~~~~~~
conftest.c:61:3: warning: null argument where non-null required (argument 3) [-Wnonnull]
/usr/bin/ld: /tmp/ccQw2Fn4.o: in function `main':
/mnt/c/users/mcnow/Desktop/Git/ixchel.add-crack-and-squeeze/misc/stiff-2.4.0/conftest.c:59: undefined reference to `pthread_join'
/usr/bin/ld: /mnt/c/users/mcnow/Desktop/Git/ixchel.add-crack-and-squeeze/misc/stiff-2.4.0/conftest.c:60: undefined reference to `__pthread_register_cancel'
/usr/bin/ld: /mnt/c/users/mcnow/Desktop/Git/ixchel.add-crack-and-squeeze/misc/stiff-2.4.0/conftest.c:61: undefined reference to `pthread_create'
/usr/bin/ld: /mnt/c/users/mcnow/Desktop/Git/ixchel.add-crack-and-squeeze/misc/stiff-2.4.0/conftest.c:61: undefined reference to `__pthread_unregister_cancel'
collect2: error: ld returned 1 exit status
configure:5856: $? = 1
configure: failed program was:
| /* confdefs.h */
| #define PACKAGE_NAME "stiff"
| #define PACKAGE_TARNAME "stiff"
| #define PACKAGE_VERSION "2.4.0"
| #define PACKAGE_STRING "stiff 2.4.0"
| #define PACKAGE_BUGREPORT "bertin@iap.fr"
| #define PACKAGE_URL ""
| #define PACKAGE "stiff"
| #define VERSION "2.4.0"
| #define DATE "2021-05-14"
| #define HAVE_LIBM 1
| #define STDC_HEADERS 1
| #define HAVE_SYS_TYPES_H 1
| #define HAVE_SYS_STAT_H 1
| #define HAVE_STDLIB_H 1
| #define HAVE_STRING_H 1
| #define HAVE_MEMORY_H 1
| #define HAVE_STRINGS_H 1
| #define HAVE_INTTYPES_H 1
| #define HAVE_STDINT_H 1
| #define HAVE_UNISTD_H 1
| #define HAVE_FCNTL_H 1
| #define HAVE_TIME_H 1
| #define HAVE_UNISTD_H 1
| #define HAVE_SYS_MMAN_H 1
| #define HAVE_SYS_STAT_H 1
| #define HAVE_SYS_TIME_H 1
| #define HAVE_SYS_TYPES_H 1
| #define RETSIGTYPE void
| #define HAVE_LONG_LONG_INT 1
| #define HAVE_UNSIGNED_LONG_LONG_INT 1
| #define HAVE_STDLIB_H 1
| #define HAVE_UNISTD_H 1
| #define HAVE_SYS_PARAM_H 1
| #define HAVE_GETPAGESIZE 1
| #define HAVE_MMAP 1
| #define LSTAT_FOLLOWS_SLASHED_SYMLINK 1
| #define HAVE_STRFTIME 1
| #define HAVE_ATEXIT 1
| #define HAVE_MEMMOVE 1
| #define HAVE_MEMSET 1
| #define HAVE_MUNMAP 1
| #define HAVE_STRCHR 1
| #define HAVE_STRPBRK 1
| #define HAVE_STRRCHR 1
| #define HAVE_STRSPN 1
| #define HAVE_STRCSPN 1
| #define HAVE_STRTOL 1
| #define HAVE_ISNAN2 1
| #define HAVE_FSEEKO 1
| #define XSL_URL "file:///usr/local/share/stiff/stiff.xsl"
| #define THREADS_NMAX 64
| #define USE_THREADS 1
| /* end confdefs.h.  */
| #include <pthread.h>
| int
| main ()
| {
| pthread_t th; pthread_join(th, 0);
| 		pthread_attr_init(0); pthread_cleanup_push(0, 0);
| 		pthread_create(0,0,0,0); pthread_cleanup_pop(0);
|   ;
|   return 0;
| }
configure:5865: result: no
configure:5817: checking whether pthreads work with -Kthread
configure:5856: gcc -o conftest -g -O2 -Kthread   conftest.c  -lm  >&5
gcc: error: unrecognized command line option '-Kthread'; did you mean '-pthread'?
configure:5856: $? = 1
configure: failed program was:
| /* confdefs.h */
| #define PACKAGE_NAME "stiff"
| #define PACKAGE_TARNAME "stiff"
| #define PACKAGE_VERSION "2.4.0"
| #define PACKAGE_STRING "stiff 2.4.0"
| #define PACKAGE_BUGREPORT "bertin@iap.fr"
| #define PACKAGE_URL ""
| #define PACKAGE "stiff"
| #define VERSION "2.4.0"
| #define DATE "2021-05-14"
| #define HAVE_LIBM 1
| #define STDC_HEADERS 1
| #define HAVE_SYS_TYPES_H 1
| #define HAVE_SYS_STAT_H 1
| #define HAVE_STDLIB_H 1
| #define HAVE_STRING_H 1
| #define HAVE_MEMORY_H 1
| #define HAVE_STRINGS_H 1
| #define HAVE_INTTYPES_H 1
| #define HAVE_STDINT_H 1
| #define HAVE_UNISTD_H 1
| #define HAVE_FCNTL_H 1
| #define HAVE_TIME_H 1
| #define HAVE_UNISTD_H 1
| #define HAVE_SYS_MMAN_H 1
| #define HAVE_SYS_STAT_H 1
| #define HAVE_SYS_TIME_H 1
| #define HAVE_SYS_TYPES_H 1
| #define RETSIGTYPE void
| #define HAVE_LONG_LONG_INT 1
| #define HAVE_UNSIGNED_LONG_LONG_INT 1
| #define HAVE_STDLIB_H 1
| #define HAVE_UNISTD_H 1
| #define HAVE_SYS_PARAM_H 1
| #define HAVE_GETPAGESIZE 1
| #define HAVE_MMAP 1
| #define LSTAT_FOLLOWS_SLASHED_SYMLINK 1
| #define HAVE_STRFTIME 1
| #define HAVE_ATEXIT 1
| #define HAVE_MEMMOVE 1
| #define HAVE_MEMSET 1
| #define HAVE_MUNMAP 1
| #define HAVE_STRCHR 1
| #define HAVE_STRPBRK 1
| #define HAVE_STRRCHR 1
| #define HAVE_STRSPN 1
| #define HAVE_STRCSPN 1
| #define HAVE_STRTOL 1
| #define HAVE_ISNAN2 1
| #define HAVE_FSEEKO 1
| #define XSL_URL "file:///usr/local/share/stiff/stiff.xsl"
| #define THREADS_NMAX 64
| #define USE_THREADS 1
| /* end confdefs.h.  */
| #include <pthread.h>
| int
| main ()
| {
| pthread_t th; pthread_join(th, 0);
| 		pthread_attr_init(0); pthread_cleanup_push(0, 0);
| 		pthread_create(0,0,0,0); pthread_cleanup_pop(0);
|   ;
|   return 0;
| }
configure:5865: result: no
configure:5817: checking whether pthreads work with -kthread
configure:5856: gcc -o conftest -g -O2 -kthread   conftest.c  -lm  >&5
gcc: error: unrecognized command line option '-kthread'; did you mean '-pthread'?
configure:5856: $? = 1
configure: failed program was:
| /* confdefs.h */
| #define PACKAGE_NAME "stiff"
| #define PACKAGE_TARNAME "stiff"
| #define PACKAGE_VERSION "2.4.0"
| #define PACKAGE_STRING "stiff 2.4.0"
| #define PACKAGE_BUGREPORT "bertin@iap.fr"
| #define PACKAGE_URL ""
| #define PACKAGE "stiff"
| #define VERSION "2.4.0"
| #define DATE "2021-05-14"
| #define HAVE_LIBM 1
| #define STDC_HEADERS 1
| #define HAVE_SYS_TYPES_H 1
| #define HAVE_SYS_STAT_H 1
| #define HAVE_STDLIB_H 1
| #define HAVE_STRING_H 1
| #define HAVE_MEMORY_H 1
| #define HAVE_STRINGS_H 1
| #define HAVE_INTTYPES_H 1
| #define HAVE_STDINT_H 1
| #define HAVE_UNISTD_H 1
| #define HAVE_FCNTL_H 1
| #define HAVE_TIME_H 1
| #define HAVE_UNISTD_H 1
| #define HAVE_SYS_MMAN_H 1
| #define HAVE_SYS_STAT_H 1
| #define HAVE_SYS_TIME_H 1
| #define HAVE_SYS_TYPES_H 1
| #define RETSIGTYPE void
| #define HAVE_LONG_LONG_INT 1
| #define HAVE_UNSIGNED_LONG_LONG_INT 1
| #define HAVE_STDLIB_H 1
| #define HAVE_UNISTD_H 1
| #define HAVE_SYS_PARAM_H 1
| #define HAVE_GETPAGESIZE 1
| #define HAVE_MMAP 1
| #define LSTAT_FOLLOWS_SLASHED_SYMLINK 1
| #define HAVE_STRFTIME 1
| #define HAVE_ATEXIT 1
| #define HAVE_MEMMOVE 1
| #define HAVE_MEMSET 1
| #define HAVE_MUNMAP 1
| #define HAVE_STRCHR 1
| #define HAVE_STRPBRK 1
| #define HAVE_STRRCHR 1
| #define HAVE_STRSPN 1
| #define HAVE_STRCSPN 1
| #define HAVE_STRTOL 1
| #define HAVE_ISNAN2 1
| #define HAVE_FSEEKO 1
| #define XSL_URL "file:///usr/local/share/stiff/stiff.xsl"
| #define THREADS_NMAX 64
| #define USE_THREADS 1
| /* end confdefs.h.  */
| #include <pthread.h>
| int
| main ()
| {
| pthread_t th; pthread_join(th, 0);
| 		pthread_attr_init(0); pthread_cleanup_push(0, 0);
| 		pthread_create(0,0,0,0); pthread_cleanup_pop(0);
|   ;
|   return 0;
| }
configure:5865: result: no
configure:5823: checking for the pthreads library -llthread
configure:5856: gcc -o conftest -g -O2    conftest.c -llthread -lm  >&5
conftest.c: In function 'main':
conftest.c:60:3: warning: null argument where non-null required (argument 1) [-Wnonnull]
   60 |   pthread_attr_init(0); pthread_cleanup_push(0, 0);
      |   ^~~~~~~~~~~~~~~~~
conftest.c:61:3: warning: null argument where non-null required (argument 1) [-Wnonnull]
   61 |   pthread_create(0,0,0,0); pthread_cleanup_pop(0);
      |   ^~~~~~~~~~~~~~
conftest.c:61:3: warning: null argument where non-null required (argument 3) [-Wnonnull]
/usr/bin/ld: cannot find -llthread
collect2: error: ld returned 1 exit status
configure:5856: $? = 1
configure: failed program was:
| /* confdefs.h */
| #define PACKAGE_NAME "stiff"
| #define PACKAGE_TARNAME "stiff"
| #define PACKAGE_VERSION "2.4.0"
| #define PACKAGE_STRING "stiff 2.4.0"
| #define PACKAGE_BUGREPORT "bertin@iap.fr"
| #define PACKAGE_URL ""
| #define PACKAGE "stiff"
| #define VERSION "2.4.0"
| #define DATE "2021-05-14"
| #define HAVE_LIBM 1
| #define STDC_HEADERS 1
| #define HAVE_SYS_TYPES_H 1
| #define HAVE_SYS_STAT_H 1
| #define HAVE_STDLIB_H 1
| #define HAVE_STRING_H 1
| #define HAVE_MEMORY_H 1
| #define HAVE_STRINGS_H 1
| #define HAVE_INTTYPES_H 1
| #define HAVE_STDINT_H 1
| #define HAVE_UNISTD_H 1
| #define HAVE_FCNTL_H 1
| #define HAVE_TIME_H 1
| #define HAVE_UNISTD_H 1
| #define HAVE_SYS_MMAN_H 1
| #define HAVE_SYS_STAT_H 1
| #define HAVE_SYS_TIME_H 1
| #define HAVE_SYS_TYPES_H 1
| #define RETSIGTYPE void
| #define HAVE_LONG_LONG_INT 1
| #define HAVE_UNSIGNED_LONG_LONG_INT 1
| #define HAVE_STDLIB_H 1
| #define HAVE_UNISTD_H 1
| #define HAVE_SYS_PARAM_H 1
| #define HAVE_GETPAGESIZE 1
| #define HAVE_MMAP 1
| #define LSTAT_FOLLOWS_SLASHED_SYMLINK 1
| #define HAVE_STRFTIME 1
| #define HAVE_ATEXIT 1
| #define HAVE_MEMMOVE 1
| #define HAVE_MEMSET 1
| #define HAVE_MUNMAP 1
| #define HAVE_STRCHR 1
| #define HAVE_STRPBRK 1
| #define HAVE_STRRCHR 1
| #define HAVE_STRSPN 1
| #define HAVE_STRCSPN 1
| #define HAVE_STRTOL 1
| #define HAVE_ISNAN2 1
| #define HAVE_FSEEKO 1
| #define XSL_URL "file:///usr/local/share/stiff/stiff.xsl"
| #define THREADS_NMAX 64
| #define USE_THREADS 1
| /* end confdefs.h.  */
| #include <pthread.h>
| int
| main ()
| {
| pthread_t th; pthread_join(th, 0);
| 		pthread_attr_init(0); pthread_cleanup_push(0, 0);
| 		pthread_create(0,0,0,0); pthread_cleanup_pop(0);
|   ;
|   return 0;
| }
configure:5865: result: no
configure:5823: checking for the pthreads library -lpthread
configure:5856: gcc -o conftest -g -O2    conftest.c -lpthread -lm  >&5
conftest.c: In function 'main':
conftest.c:60:3: warning: null argument where non-null required (argument 1) [-Wnonnull]
   60 |   pthread_attr_init(0); pthread_cleanup_push(0, 0);
      |   ^~~~~~~~~~~~~~~~~
conftest.c:61:3: warning: null argument where non-null required (argument 1) [-Wnonnull]
   61 |   pthread_create(0,0,0,0); pthread_cleanup_pop(0);
      |   ^~~~~~~~~~~~~~
conftest.c:61:3: warning: null argument where non-null required (argument 3) [-Wnonnull]
configure:5856: $? = 0
configure:5865: result: yes
configure:5885: checking for joinable pthread attribute
configure:5898: gcc -o conftest -g -O2    conftest.c -lpthread -lm  >&5
configure:5898: $? = 0
configure:5930: result: PTHREAD_CREATE_JOINABLE
configure:5937: checking if more special flags are required for pthreads
configure:5944: result: no
configure:5956: checking for cc_r
configure:5984: result: gcc
configure:6031: checking tiffio.h usability
configure:6031: gcc -c -g -O2  conftest.c >&5
configure:6031: $? = 0
configure:6031: result: yes
configure:6031: checking tiffio.h presence
configure:6031: gcc -E  conftest.c
configure:6031: $? = 0
configure:6031: result: yes
configure:6031: checking for tiffio.h
configure:6031: result: yes
configure:6083: checking for jpeg_start_decompress in -ljpeg
configure:6108: gcc -o conftest -g -O2   conftest.c -ljpeg   >&5
configure:6108: $? = 0
configure:6117: result: yes
configure:6126: checking for deflate in -lz
configure:6151: gcc -o conftest -g -O2   conftest.c -lz   >&5
configure:6151: $? = 0
configure:6160: result: yes
configure:6169: checking for TIFFOpen in -ltiff
configure:6194: gcc -o conftest -g -O2   conftest.c -ltiff   -ljpeg  -lz -lm  >&5
configure:6194: $? = 0
configure:6203: result: yes
configure:6271: result: ***************************************************************
configure:6273: result: Compile cmdline:  gcc     -D_REENTRANT -g -O2
configure:6275: result: Link    cmdline:  gcc    -ltiff  -ljpeg  -lz -lpthread -lm 
configure:6277: result: Default XSLT URL: 
configure:6279: result: ***************************************************************
configure:6309: checking that generated files are newer than configure
configure:6315: result: done
configure:6342: creating ./config.status

## ---------------------- ##
## Running config.status. ##
## ---------------------- ##

This file was extended by stiff config.status 2.4.0, which was
generated by GNU Autoconf 2.69.  Invocation command line was

  CONFIG_FILES    = 
  CONFIG_HEADERS  = 
  CONFIG_LINKS    = 
  CONFIG_COMMANDS = 
  $ ./config.status 

on MATTLAPPIE

config.status:908: creating Makefile
config.status:908: creating man/Makefile
config.status:908: creating src/Makefile
config.status:908: creating src/fits/Makefile
config.status:908: creating stiff.spec
config.status:908: creating man/stiff.1
config.status:908: creating config.h
config.status:1137: executing depfiles commands

## ---------------- ##
## Cache variables. ##
## ---------------- ##

ac_cv_build=x86_64-unknown-linux-gnu
ac_cv_c_compiler_gnu=yes
ac_cv_c_const=yes
ac_cv_env_CC_set=
ac_cv_env_CC_value=
ac_cv_env_CFLAGS_set=
ac_cv_env_CFLAGS_value=
ac_cv_env_CPPFLAGS_set=
ac_cv_env_CPPFLAGS_value=
ac_cv_env_CPP_set=
ac_cv_env_CPP_value=
ac_cv_env_LDFLAGS_set=
ac_cv_env_LDFLAGS_value=
ac_cv_env_LIBS_set=
ac_cv_env_LIBS_value=
ac_cv_env_build_alias_set=
ac_cv_env_build_alias_value=
ac_cv_env_host_alias_set=
ac_cv_env_host_alias_value=
ac_cv_env_target_alias_set=
ac_cv_env_target_alias_value=
ac_cv_func_atexit=yes
ac_cv_func_getpagesize=yes
ac_cv_func_isnan=yes
ac_cv_func_lstat_dereferences_slashed_symlink=yes
ac_cv_func_memmove=yes
ac_cv_func_memset=yes
ac_cv_func_mmap_fixed_mapped=yes
ac_cv_func_munmap=yes
ac_cv_func_stat_empty_string_bug=no
ac_cv_func_strchr=yes
ac_cv_func_strcspn=yes
ac_cv_func_strftime=yes
ac_cv_func_strpbrk=yes
ac_cv_func_strrchr=yes
ac_cv_func_strspn=yes
ac_cv_func_strtol=yes
ac_cv_header_fcntl_h=yes
ac_cv_header_inttypes_h=yes
ac_cv_header_memory_h=yes
ac_cv_header_pthread_h=yes
ac_cv_header_stdc=yes
ac_cv_header_stdint_h=yes
ac_cv_header_stdlib_h=yes
ac_cv_header_string_h=yes
ac_cv_header_strings_h=yes
ac_cv_header_sys_mman_h=yes
ac_cv_header_sys_param_h=yes
ac_cv_header_sys_stat_h=yes
ac_cv_header_sys_time_h=yes
ac_cv_header_sys_types_h=yes
ac_cv_header_tiffio_h=yes
ac_cv_header_time_h=yes
ac_cv_header_unistd_h=yes
ac_cv_host=x86_64-unknown-linux-gnu
ac_cv_lib_error_at_line=yes
ac_cv_lib_jpeg_jpeg_start_decompress=yes
ac_cv_lib_m_sin=yes
ac_cv_lib_tiff_TIFFOpen=yes
ac_cv_lib_z_deflate=yes
ac_cv_objext=o
ac_cv_path_EGREP='/usr/bin/grep -E'
ac_cv_path_GREP=/usr/bin/grep
ac_cv_path_install='/usr/bin/install -c'
ac_cv_path_mkdir=/usr/bin/mkdir
ac_cv_prog_AWK=gawk
ac_cv_prog_CPP='gcc -E'
ac_cv_prog_PTHREAD_CC=gcc
ac_cv_prog_ac_ct_CC=gcc
ac_cv_prog_ac_ct_RANLIB=ranlib
ac_cv_prog_cc_c89=
ac_cv_prog_cc_g=yes
ac_cv_prog_make_make_set=yes
ac_cv_search_strerror='none required'
ac_cv_sys_file_offset_bits=no
ac_cv_sys_largefile_CC=no
ac_cv_sys_largefile_source=no
ac_cv_type_long_long_int=yes
ac_cv_type_off_t=yes
ac_cv_type_signal=void
ac_cv_type_size_t=yes
ac_cv_type_uid_t=yes
ac_cv_type_unsigned_long_long_int=yes
am_cv_CC_dependencies_compiler_type=gcc3

## ----------------- ##
## Output variables. ##
## ----------------- ##

ACLOCAL='${SHELL} /mnt/c/users/mcnow/Desktop/Git/ixchel.add-crack-and-squeeze/misc/stiff-2.4.0/autoconf/missing --run aclocal-1.12'
AMDEPBACKSLASH='\'
AMDEP_FALSE='#'
AMDEP_TRUE=''
AMTAR='$${TAR-tar}'
AM_CFLAGS='  -D_REENTRANT'
AM_CPPFLAGS=''
AM_LDFLAGS=''
AUTOCONF='${SHELL} /mnt/c/users/mcnow/Desktop/Git/ixchel.add-crack-and-squeeze/misc/stiff-2.4.0/autoconf/missing --run autoconf'
AUTOHEADER='${SHELL} /mnt/c/users/mcnow/Desktop/Git/ixchel.add-crack-and-squeeze/misc/stiff-2.4.0/autoconf/missing --run autoheader'
AUTOMAKE='${SHELL} /mnt/c/users/mcnow/Desktop/Git/ixchel.add-crack-and-squeeze/misc/stiff-2.4.0/autoconf/missing --run automake-1.12'
AWK='gawk'
CC='gcc'
CCDEPMODE='depmode=gcc3'
CFLAGS='-g -O2'
CPP='gcc -E'
CPPFLAGS=''
CYGPATH_W='echo'
DATE2='Fri May 14 2021'
DATE3='May 2021'
DEFS='-DHAVE_CONFIG_H'
DEPDIR='.deps'
ECHO_C=''
ECHO_N='-n'
ECHO_T=''
EGREP='/usr/bin/grep -E'
EXEEXT=''
GREP='/usr/bin/grep'
INSTALL_DATA='${INSTALL} -m 644'
INSTALL_PROGRAM='${INSTALL}'
INSTALL_SCRIPT='${INSTALL}'
INSTALL_STRIP_PROGRAM='$(install_sh) -c -s'
LDFLAGS=''
LIBOBJS=''
LIBS=' -ltiff  -ljpeg  -lz -lpthread -lm '
LIBTIFF_ERROR=''
LIBTIFF_LIBS=' -ltiff  -ljpeg  -lz'
LTLIBOBJS=''
MAKEINFO='${SHELL} /mnt/c/users/mcnow/Desktop/Git/ixchel.add-crack-and-squeeze/misc/stiff-2.4.0/autoconf/missing --run makeinfo'
MKDIR_P='/usr/bin/mkdir -p'
OBJEXT='o'
PACKAGE='stiff'
PACKAGER='Emmanuel Bertin'
PACKAGE_BUGREPORT='bertin@iap.fr'
PACKAGE_NAME='stiff'
PACKAGE_STRING='stiff 2.4.0'
PACKAGE_TARNAME='stiff'
PACKAGE_URL=''
PACKAGE_VERSION='2.4.0'
PATH_SEPARATOR=':'
PTHREAD_CC='gcc'
PTHREAD_CFLAGS=''
PTHREAD_LIBS='-lpthread'
RANLIB='ranlib'
SET_MAKE=''
SHELL='/bin/bash'
STRIP=''
USE_THREADS_FALSE='#'
USE_THREADS_TRUE=''
VERSION='2.4.0'
ac_ct_CC='gcc'
am__EXEEXT_FALSE=''
am__EXEEXT_TRUE='#'
am__fastdepCC_FALSE='#'
am__fastdepCC_TRUE=''
am__include='include'
am__isrc=''
am__leading_dot='.'
am__nodep='_no'
am__quote=''
am__tar='$${TAR-tar} chof - "$$tardir"'
am__untar='$${TAR-tar} xf -'
bindir='${exec_prefix}/bin'
build='x86_64-unknown-linux-gnu'
build_alias=''
build_cpu='x86_64'
build_os='linux-gnu'
build_vendor='unknown'
datadir='${datarootdir}'
datarootdir='${prefix}/share'
docdir='${datarootdir}/doc/${PACKAGE_TARNAME}'
dvidir='${docdir}'
exec_prefix='${prefix}'
host='x86_64-unknown-linux-gnu'
host_alias=''
host_cpu='x86_64'
host_os='linux-gnu'
host_vendor='unknown'
htmldir='${docdir}'
includedir='${prefix}/include'
infodir='${datarootdir}/info'
install_sh='${SHELL} /mnt/c/users/mcnow/Desktop/Git/ixchel.add-crack-and-squeeze/misc/stiff-2.4.0/autoconf/install-sh'
libdir='${exec_prefix}/lib'
libexecdir='${exec_prefix}/libexec'
localedir='${datarootdir}/locale'
localstatedir='${prefix}/var'
mandir='${datarootdir}/man'
mkdir_p='$(MKDIR_P)'
oldincludedir='/usr/include'
pdfdir='${docdir}'
prefix='/usr/local'
program_transform_name='s,x,x,'
psdir='${docdir}'
sbindir='${exec_prefix}/sbin'
sharedstatedir='${prefix}/com'
sysconfdir='${prefix}/etc'
target_alias=''

## ----------- ##
## confdefs.h. ##
## ----------- ##

/* confdefs.h */
#define PACKAGE_NAME "stiff"
#define PACKAGE_TARNAME "stiff"
#define PACKAGE_VERSION "2.4.0"
#define PACKAGE_STRING "stiff 2.4.0"
#define PACKAGE_BUGREPORT "bertin@iap.fr"
#define PACKAGE_URL ""
#define PACKAGE "stiff"
#define VERSION "2.4.0"
#define DATE "2021-05-14"
#define HAVE_LIBM 1
#define STDC_HEADERS 1
#define HAVE_SYS_TYPES_H 1
#define HAVE_SYS_STAT_H 1
#define HAVE_STDLIB_H 1
#define HAVE_STRING_H 1
#define HAVE_MEMORY_H 1
#define HAVE_STRINGS_H 1
#define HAVE_INTTYPES_H 1
#define HAVE_STDINT_H 1
#define HAVE_UNISTD_H 1
#define HAVE_FCNTL_H 1
#define HAVE_TIME_H 1
#define HAVE_UNISTD_H 1
#define HAVE_SYS_MMAN_H 1
#define HAVE_SYS_STAT_H 1
#define HAVE_SYS_TIME_H 1
#define HAVE_SYS_TYPES_H 1
#define RETSIGTYPE void
#define HAVE_LONG_LONG_INT 1
#define HAVE_UNSIGNED_LONG_LONG_INT 1
#define HAVE_STDLIB_H 1
#define HAVE_UNISTD_H 1
#define HAVE_SYS_PARAM_H 1
#define HAVE_GETPAGESIZE 1
#define HAVE_MMAP 1
#define LSTAT_FOLLOWS_SLASHED_SYMLINK 1
#define HAVE_STRFTIME 1
#define HAVE_ATEXIT 1
#define HAVE_MEMMOVE 1
#define HAVE_MEMSET 1
#define HAVE_MUNMAP 1
#define HAVE_STRCHR 1
#define HAVE_STRPBRK 1
#define HAVE_STRRCHR 1
#define HAVE_STRSPN 1
#define HAVE_STRCSPN 1
#define HAVE_STRTOL 1
#define HAVE_ISNAN2 1
#define HAVE_FSEEKO 1
#define XSL_URL "file:///usr/local/share/stiff/stiff.xsl"
#define THREADS_NMAX 64
#define USE_THREADS 1
#define HAVE_PTHREAD 1
#define LIBTIFF_H "tiffio.h"
#define HAVE_LIBTIFF 1

configure: exit 0
